<?xml version="1.0" encoding="UTF-8"?>
<testsuite xmlns:xsi="http://www.w3.org/2001/XMLSchema-instance" xsi:noNamespaceSchemaLocation="https://maven.apache.org/surefire/maven-surefire-plugin/xsd/surefire-test-report-3.0.xsd" version="3.0" name="NaiveQuickSortTest" time="0.027" tests="7" errors="0" skipped="0" failures="0">
  <properties>
[...]
</properties>
  <testcase name="testSingleElement" classname="NaiveQuickSortTest" time="0.002"/>
  <testcase name="testEmptyArray" classname="NaiveQuickSortTest" time="0.001"/>
  <testcase name="testWithDuplicates" classname="NaiveQuickSortTest" time="0.005"/>
  <testcase name="testRandomArray" classname="NaiveQuickSortTest" time="0.004"/>
  <testcase name="testReverseSorted" classname="NaiveQuickSortTest" time="0.003"/>
  <testcase name="testAlreadySorted" classname="NaiveQuickSortTest" time="0.003"/>
  <testcase name="testAlmostSorted" classname="NaiveQuickSortTest" time="0.004"/>
</testsuite>