<?xml version="1.0" encoding="UTF-8"?>
<coverage generated="1768239990677" clover="4.5.2">
   <project name="lab1_sort 1.0-SNAPSHOT" timestamp="1768239983340">
      <metrics coveredelements="208" complexity="65" loc="348" methods="21" classes="6" statements="166" packages="2" coveredconditionals="73" coveredmethods="10" elements="273" ncloc="285" files="6" conditionals="86" coveredstatements="125"/>
      <package name="org.example">
         <metrics coveredelements="0" complexity="13" loc="131" methods="8" classes="2" statements="38" coveredconditionals="0" coveredmethods="0" elements="56" ncloc="105" files="2" conditionals="10" coveredstatements="0"/>
         <file path="C:\Users\Alexsa7161\OneDrive\Рабочий стол\java_labs\lab1\lab1_sort\src\main\java\org\example\Main.java" name="Main.java">
            <metrics coveredelements="0" coveredconditionals="0" complexity="8" loc="67" coveredmethods="0" methods="3" elements="41" classes="1" ncloc="51" statements="28" conditionals="10" coveredstatements="0"/>
            <class name="Main">
               <metrics coveredelements="0" coveredconditionals="0" complexity="8" coveredmethods="0" methods="3" elements="41" statements="28" conditionals="10" coveredstatements="0"/>
            </class>
            <line complexity="3" visibility="public" signature="main(String[]) : void" num="14" count="0" type="method"/>
            <line num="15" count="0" type="stmt"/>
            <line num="21" count="0" type="stmt"/>
            <line num="23" count="0" type="stmt"/>
            <line num="24" count="0" type="stmt"/>
            <line num="25" count="0" type="stmt"/>
            <line num="27" count="0" type="stmt"/>
            <line num="28" count="0" type="stmt"/>
            <line num="30" count="0" type="stmt"/>
            <line falsecount="0" truecount="0" num="30" type="cond"/>
            <line num="31" count="0" type="stmt"/>
            <line num="33" count="0" type="stmt"/>
            <line num="34" count="0" type="stmt"/>
            <line num="35" count="0" type="stmt"/>
            <line num="37" count="0" type="stmt"/>
            <line falsecount="0" truecount="0" num="37" type="cond"/>
            <line num="38" count="0" type="stmt"/>
            <line num="41" count="0" type="stmt"/>
            <line num="42" count="0" type="stmt"/>
            <line num="45" count="0" type="stmt"/>
            <line num="46" count="0" type="stmt"/>
            <line num="48" count="0" type="stmt"/>
            <line complexity="2" visibility="private" signature="generateRandomArray(int) : int[]" num="52" count="0" type="method"/>
            <line num="53" count="0" type="stmt"/>
            <line num="54" count="0" type="stmt"/>
            <line num="55" count="0" type="stmt"/>
            <line falsecount="0" truecount="0" num="55" type="cond"/>
            <line num="56" count="0" type="stmt"/>
            <line num="58" count="0" type="stmt"/>
            <line complexity="3" visibility="private" signature="isSorted(int[]) : boolean" num="61" count="0" type="method"/>
            <line num="62" count="0" type="stmt"/>
            <line falsecount="0" truecount="0" num="62" type="cond"/>
            <line num="63" count="0" type="stmt"/>
            <line num="63" count="0" type="stmt"/>
            <line falsecount="0" truecount="0" num="63" type="cond"/>
            <line num="65" count="0" type="stmt"/>
         </file>
         <file path="C:\Users\Alexsa7161\OneDrive\Рабочий стол\java_labs\lab1\lab1_sort\src\main\java\org\example\QuickSortBenchmark.java" name="QuickSortBenchmark.java">
            <metrics coveredelements="0" coveredconditionals="0" complexity="5" loc="64" coveredmethods="0" methods="5" elements="15" classes="1" ncloc="54" statements="10" conditionals="0" coveredstatements="0"/>
            <class name="QuickSortBenchmark">
               <metrics coveredelements="0" coveredconditionals="0" complexity="5" coveredmethods="0" methods="5" elements="15" statements="10" conditionals="0" coveredstatements="0"/>
            </class>
            <line complexity="1" visibility="public" signature="setUp() : void" num="31" count="0" type="method"/>
            <line num="33" count="0" type="stmt"/>
            <line num="34" count="0" type="stmt"/>
            <line complexity="1" visibility="public" signature="benchmark1_naive() : void" num="36" count="0" type="method"/>
            <line num="38" count="0" type="stmt"/>
            <line num="39" count="0" type="stmt"/>
            <line complexity="1" visibility="public" signature="benchmark2_improved() : void" num="42" count="0" type="method"/>
            <line num="44" count="0" type="stmt"/>
            <line num="45" count="0" type="stmt"/>
            <line complexity="1" visibility="public" signature="benchmark3_optimized() : void" num="48" count="0" type="method"/>
            <line num="50" count="0" type="stmt"/>
            <line num="51" count="0" type="stmt"/>
            <line complexity="1" visibility="public" signature="main(String[]) : void" num="54" count="0" type="method"/>
            <line num="55" count="0" type="stmt"/>
            <line num="62" count="0" type="stmt"/>
         </file>
      </package>
      <package name="org.example.sort">
         <metrics coveredelements="208" complexity="52" loc="217" methods="13" classes="4" statements="128" coveredconditionals="73" coveredmethods="10" elements="217" ncloc="180" files="4" conditionals="76" coveredstatements="125"/>
         <file path="C:\Users\Alexsa7161\OneDrive\Рабочий стол\java_labs\lab1\lab1_sort\src\main\java\org\example\sort\ImprovedQuickSort.java" name="ImprovedQuickSort.java">
            <metrics coveredelements="54" coveredconditionals="18" complexity="14" loc="58" coveredmethods="4" methods="5" elements="56" classes="1" ncloc="48" statements="33" conditionals="18" coveredstatements="32"/>
            <class name="ImprovedQuickSort">
               <metrics coveredelements="54" coveredconditionals="18" complexity="14" coveredmethods="4" methods="5" elements="56" statements="33" conditionals="18" coveredstatements="32"/>
            </class>
            <line complexity="1" visibility="public" signature="sort(int[]) : void" num="5" count="7" type="method"/>
            <line num="7" count="7" type="stmt"/>
            <line complexity="7" visibility="private" signature="quickSort(int[],int,int) : void" num="10" count="21988" type="method"/>
            <line num="11" count="21988" type="stmt"/>
            <line falsecount="21988" truecount="21981" num="11" type="cond"/>
            <line num="12" count="21981" type="stmt"/>
            <line num="13" count="21981" type="stmt"/>
            <line num="14" count="21981" type="stmt"/>
            <line num="16" count="21981" type="stmt"/>
            <line falsecount="21981" truecount="96176" num="16" type="cond"/>
            <line num="17" count="96176" type="stmt"/>
            <line num="17" count="113001" type="stmt"/>
            <line falsecount="96176" truecount="113001" num="17" type="cond"/>
            <line num="18" count="96176" type="stmt"/>
            <line num="18" count="121531" type="stmt"/>
            <line falsecount="96176" truecount="121531" num="18" type="cond"/>
            <line num="19" count="96176" type="stmt"/>
            <line falsecount="1650" truecount="94526" num="19" type="cond"/>
            <line num="20" count="94526" type="stmt"/>
            <line num="21" count="94526" type="stmt"/>
            <line num="22" count="94526" type="stmt"/>
            <line num="23" count="94526" type="stmt"/>
            <line num="24" count="94526" type="stmt"/>
            <line num="28" count="21981" type="stmt"/>
            <line falsecount="13128" truecount="8853" num="28" type="cond"/>
            <line num="29" count="8853" type="stmt"/>
            <line num="30" count="8853" type="stmt"/>
            <line num="32" count="13128" type="stmt"/>
            <line num="33" count="13128" type="stmt"/>
            <line complexity="4" visibility="private" signature="medianOfThree(int[],int,int) : int" num="38" count="21981" type="method"/>
            <line num="39" count="21981" type="stmt"/>
            <line num="41" count="21981" type="stmt"/>
            <line num="41" count="2523" type="stmt"/>
            <line falsecount="19458" truecount="2523" num="41" type="cond"/>
            <line num="42" count="21981" type="stmt"/>
            <line num="42" count="2117" type="stmt"/>
            <line falsecount="19864" truecount="2117" num="42" type="cond"/>
            <line num="43" count="21981" type="stmt"/>
            <line num="43" count="3267" type="stmt"/>
            <line falsecount="18714" truecount="3267" num="43" type="cond"/>
            <line num="45" count="21981" type="stmt"/>
            <line complexity="1" visibility="private" signature="swap(int[],int,int) : void" num="48" count="7907" type="method"/>
            <line num="49" count="7907" type="stmt"/>
            <line num="50" count="7907" type="stmt"/>
            <line num="51" count="7907" type="stmt"/>
            <line complexity="1" visibility="public" signature="name() : String" num="54" count="0" type="method"/>
            <line num="56" count="0" type="stmt"/>
         </file>
         <file path="C:\Users\Alexsa7161\OneDrive\Рабочий стол\java_labs\lab1\lab1_sort\src\main\java\org\example\sort\NaiveQuickSort.java" name="NaiveQuickSort.java">
            <metrics coveredelements="31" coveredconditionals="10" complexity="8" loc="37" coveredmethods="2" methods="3" elements="33" classes="1" ncloc="30" statements="20" conditionals="10" coveredstatements="19"/>
            <class name="NaiveQuickSort">
               <metrics coveredelements="31" coveredconditionals="10" complexity="8" coveredmethods="2" methods="3" elements="33" statements="20" conditionals="10" coveredstatements="19"/>
            </class>
            <line complexity="1" visibility="public" signature="sort(int[]) : void" num="5" count="7" type="method"/>
            <line num="7" count="7" type="stmt"/>
            <line complexity="6" visibility="private" signature="quickSort(int[],int,int) : void" num="10" count="58895" type="method"/>
            <line num="11" count="58895" type="stmt"/>
            <line num="11" count="29451" type="stmt"/>
            <line falsecount="29444" truecount="29451" num="11" type="cond"/>
            <line num="13" count="29444" type="stmt"/>
            <line num="14" count="29444" type="stmt"/>
            <line num="15" count="29444" type="stmt"/>
            <line num="17" count="29444" type="stmt"/>
            <line falsecount="29444" truecount="106342" num="17" type="cond"/>
            <line num="18" count="106342" type="stmt"/>
            <line num="18" count="361372" type="stmt"/>
            <line falsecount="106342" truecount="361372" num="18" type="cond"/>
            <line num="19" count="106342" type="stmt"/>
            <line num="19" count="2294338" type="stmt"/>
            <line falsecount="106342" truecount="2294338" num="19" type="cond"/>
            <line num="20" count="106342" type="stmt"/>
            <line falsecount="5137" truecount="101205" num="20" type="cond"/>
            <line num="21" count="101205" type="stmt"/>
            <line num="22" count="101205" type="stmt"/>
            <line num="23" count="101205" type="stmt"/>
            <line num="24" count="101205" type="stmt"/>
            <line num="25" count="101205" type="stmt"/>
            <line num="29" count="29444" type="stmt"/>
            <line num="30" count="29444" type="stmt"/>
            <line complexity="1" visibility="public" signature="name() : String" num="33" count="0" type="method"/>
            <line num="35" count="0" type="stmt"/>
         </file>
         <file path="C:\Users\Alexsa7161\OneDrive\Рабочий стол\java_labs\lab1\lab1_sort\src\main\java\org\example\sort\OptimizedQuickSort.java" name="OptimizedQuickSort.java">
            <metrics coveredelements="123" coveredconditionals="45" complexity="30" loc="116" coveredmethods="4" methods="5" elements="128" classes="1" ncloc="97" statements="75" conditionals="48" coveredstatements="74"/>
            <class name="OptimizedQuickSort">
               <metrics coveredelements="123" coveredconditionals="45" complexity="30" coveredmethods="4" methods="5" elements="128" statements="75" conditionals="48" coveredstatements="74"/>
            </class>
            <line complexity="13" visibility="public" signature="sort(int[]) : void" num="7" count="7" type="method"/>
            <line num="9" count="7" type="stmt"/>
            <line num="10" count="7" type="stmt"/>
            <line num="12" count="7" type="stmt"/>
            <line falsecount="2" truecount="56" num="12" type="cond"/>
            <line num="13" count="56" type="stmt"/>
            <line falsecount="51" truecount="5" num="13" type="cond"/>
            <line num="14" count="5" type="stmt"/>
            <line num="15" count="5" type="stmt"/>
            <line num="18" count="51" type="stmt"/>
            <line num="20" count="51" type="stmt"/>
            <line num="20" count="14" type="stmt"/>
            <line falsecount="37" truecount="14" num="20" type="cond"/>
            <line num="21" count="51" type="stmt"/>
            <line num="21" count="8" type="stmt"/>
            <line falsecount="43" truecount="8" num="21" type="cond"/>
            <line num="22" count="51" type="stmt"/>
            <line num="22" count="15" type="stmt"/>
            <line falsecount="36" truecount="15" num="22" type="cond"/>
            <line num="24" count="51" type="stmt"/>
            <line num="26" count="51" type="stmt"/>
            <line num="27" count="51" type="stmt"/>
            <line num="29" count="51" type="stmt"/>
            <line falsecount="51" truecount="13661" num="29" type="cond"/>
            <line num="30" count="13661" type="stmt"/>
            <line num="30" count="20706" type="stmt"/>
            <line falsecount="13661" truecount="20706" num="30" type="cond"/>
            <line num="31" count="13661" type="stmt"/>
            <line num="31" count="27618" type="stmt"/>
            <line falsecount="13661" truecount="27618" num="31" type="cond"/>
            <line num="32" count="13661" type="stmt"/>
            <line falsecount="19" truecount="13642" num="32" type="cond"/>
            <line num="33" count="13642" type="stmt"/>
            <line num="34" count="13642" type="stmt"/>
            <line num="35" count="13642" type="stmt"/>
            <line num="36" count="13642" type="stmt"/>
            <line num="37" count="13642" type="stmt"/>
            <line num="41" count="51" type="stmt"/>
            <line falsecount="23" truecount="28" num="41" type="cond"/>
            <line num="42" count="28" type="stmt"/>
            <line falsecount="0" truecount="28" num="42" type="cond"/>
            <line num="43" count="28" type="stmt"/>
            <line num="45" count="28" type="stmt"/>
            <line num="47" count="23" type="stmt"/>
            <line falsecount="0" truecount="23" num="47" type="cond"/>
            <line num="48" count="23" type="stmt"/>
            <line num="50" count="23" type="stmt"/>
            <line complexity="11" visibility="private" signature="sortRange(int[],int,int) : void" num="55" count="3006" type="method"/>
            <line num="56" count="3006" type="stmt"/>
            <line falsecount="0" truecount="5961" num="56" type="cond"/>
            <line num="57" count="5961" type="stmt"/>
            <line falsecount="2955" truecount="3006" num="57" type="cond"/>
            <line num="58" count="3006" type="stmt"/>
            <line num="59" count="3006" type="stmt"/>
            <line num="62" count="2955" type="stmt"/>
            <line num="64" count="2955" type="stmt"/>
            <line num="64" count="484" type="stmt"/>
            <line falsecount="2471" truecount="484" num="64" type="cond"/>
            <line num="65" count="2955" type="stmt"/>
            <line num="65" count="308" type="stmt"/>
            <line falsecount="2647" truecount="308" num="65" type="cond"/>
            <line num="66" count="2955" type="stmt"/>
            <line num="66" count="647" type="stmt"/>
            <line falsecount="2308" truecount="647" num="66" type="cond"/>
            <line num="68" count="2955" type="stmt"/>
            <line num="69" count="2955" type="stmt"/>
            <line num="70" count="2955" type="stmt"/>
            <line num="72" count="2955" type="stmt"/>
            <line falsecount="2955" truecount="52259" num="72" type="cond"/>
            <line num="73" count="52259" type="stmt"/>
            <line num="73" count="76438" type="stmt"/>
            <line falsecount="52259" truecount="76438" num="73" type="cond"/>
            <line num="74" count="52259" type="stmt"/>
            <line num="74" count="71034" type="stmt"/>
            <line falsecount="52259" truecount="71034" num="74" type="cond"/>
            <line num="75" count="52259" type="stmt"/>
            <line falsecount="745" truecount="51514" num="75" type="cond"/>
            <line num="76" count="51514" type="stmt"/>
            <line num="77" count="51514" type="stmt"/>
            <line num="78" count="51514" type="stmt"/>
            <line num="79" count="51514" type="stmt"/>
            <line num="80" count="51514" type="stmt"/>
            <line num="84" count="2955" type="stmt"/>
            <line falsecount="1827" truecount="1128" num="84" type="cond"/>
            <line num="85" count="1128" type="stmt"/>
            <line num="86" count="1128" type="stmt"/>
            <line num="88" count="1827" type="stmt"/>
            <line num="89" count="1827" type="stmt"/>
            <line complexity="4" visibility="private" signature="insertionSort(int[],int,int) : void" num="94" count="3011" type="method"/>
            <line num="95" count="3011" type="stmt"/>
            <line falsecount="3011" truecount="27517" num="95" type="cond"/>
            <line num="96" count="27517" type="stmt"/>
            <line num="97" count="27517" type="stmt"/>
            <line num="98" count="27517" type="stmt"/>
            <line falsecount="27517" truecount="24965" num="98" type="cond"/>
            <line num="99" count="24965" type="stmt"/>
            <line num="100" count="24965" type="stmt"/>
            <line num="102" count="27517" type="stmt"/>
            <line complexity="1" visibility="private" signature="swap(int[],int,int) : void" num="106" count="1476" type="method"/>
            <line num="107" count="1476" type="stmt"/>
            <line num="108" count="1476" type="stmt"/>
            <line num="109" count="1476" type="stmt"/>
            <line complexity="1" visibility="public" signature="name() : String" num="112" count="0" type="method"/>
            <line num="114" count="0" type="stmt"/>
         </file>
         <file path="C:\Users\Alexsa7161\OneDrive\Рабочий стол\java_labs\lab1\lab1_sort\src\main\java\org\example\sort\SortAlgorithm.java" name="SortAlgorithm.java">
            <metrics coveredelements="0" coveredconditionals="0" complexity="0" loc="6" coveredmethods="0" methods="0" elements="0" classes="1" ncloc="5" statements="0" conditionals="0" coveredstatements="0"/>
            <class name="SortAlgorithm">
               <metrics coveredelements="0" coveredconditionals="0" complexity="0" coveredmethods="0" methods="0" elements="0" statements="0" conditionals="0" coveredstatements="0"/>
            </class>
         </file>
      </package>
   </project>
   <testproject name="lab1_sort 1.0-SNAPSHOT" timestamp="1768239983340">
      <metrics coveredelements="75" complexity="20" loc="131" methods="14" classes="4" statements="49" packages="1" coveredconditionals="12" coveredmethods="14" elements="75" ncloc="112" files="4" conditionals="12" coveredstatements="49"/>
      <package name="default-pkg">
         <metrics coveredelements="75" complexity="20" loc="131" methods="14" classes="4" statements="49" coveredconditionals="12" coveredmethods="14" elements="75" ncloc="112" files="4" conditionals="12" coveredstatements="49"/>
         <file path="C:\Users\Alexsa7161\OneDrive\Рабочий стол\java_labs\lab1\lab1_sort\src\test\java\AbstractSortTest.java" name="AbstractSortTest.java">
            <metrics coveredelements="69" coveredconditionals="12" complexity="17" loc="104" coveredmethods="11" methods="11" elements="69" classes="1" ncloc="88" statements="46" conditionals="12" coveredstatements="46"/>
            <class name="AbstractSortTest">
               <metrics coveredelements="69" coveredconditionals="12" complexity="17" coveredmethods="11" methods="11" elements="69" statements="46" conditionals="12" coveredstatements="46"/>
            </class>
            <line complexity="1" visibility="package" signature="testEmptyArray() : void" num="13" count="3" type="method"/>
            <line num="15" count="3" type="stmt"/>
            <line num="16" count="3" type="stmt"/>
            <line num="17" count="3" type="stmt"/>
            <line complexity="1" visibility="package" signature="testSingleElement() : void" num="20" count="3" type="method"/>
            <line num="22" count="3" type="stmt"/>
            <line num="23" count="3" type="stmt"/>
            <line num="24" count="3" type="stmt"/>
            <line complexity="1" visibility="package" signature="testAlreadySorted() : void" num="27" count="3" type="method"/>
            <line num="29" count="3" type="stmt"/>
            <line num="30" count="3" type="stmt"/>
            <line num="31" count="3" type="stmt"/>
            <line complexity="1" visibility="package" signature="testReverseSorted() : void" num="34" count="3" type="method"/>
            <line num="36" count="3" type="stmt"/>
            <line num="37" count="3" type="stmt"/>
            <line num="38" count="3" type="stmt"/>
            <line complexity="1" visibility="package" signature="testRandomArray() : void" num="41" count="3" type="method"/>
            <line num="43" count="3" type="stmt"/>
            <line num="44" count="3" type="stmt"/>
            <line num="45" count="3" type="stmt"/>
            <line complexity="2" visibility="package" signature="testWithDuplicates() : void" num="48" count="3" type="method"/>
            <line num="50" count="3" type="stmt"/>
            <line num="51" count="3" type="stmt"/>
            <line num="52" count="3" type="stmt"/>
            <line falsecount="3" truecount="30000" num="52" type="cond"/>
            <line num="53" count="30000" type="stmt"/>
            <line num="55" count="3" type="stmt"/>
            <line num="56" count="3" type="stmt"/>
            <line complexity="2" visibility="package" signature="testAlmostSorted() : void" num="59" count="3" type="method"/>
            <line num="61" count="3" type="stmt"/>
            <line num="62" count="3" type="stmt"/>
            <line num="63" count="3" type="stmt"/>
            <line falsecount="3" truecount="300" num="63" type="cond"/>
            <line num="64" count="300" type="stmt"/>
            <line num="65" count="300" type="stmt"/>
            <line num="66" count="300" type="stmt"/>
            <line num="67" count="300" type="stmt"/>
            <line num="68" count="300" type="stmt"/>
            <line num="70" count="3" type="stmt"/>
            <line num="71" count="3" type="stmt"/>
            <line complexity="2" visibility="protected" signature="assertSorted(int[]) : void" num="74" count="21" type="method"/>
            <line num="75" count="21" type="stmt"/>
            <line falsecount="21" truecount="95985" num="75" type="cond"/>
            <line num="76" count="95985" type="stmt"/>
            <line complexity="2" visibility="protected" signature="generateSorted(int) : int[]" num="80" count="6" type="method"/>
            <line num="81" count="6" type="stmt"/>
            <line num="82" count="6" type="stmt"/>
            <line falsecount="6" truecount="33000" num="82" type="cond"/>
            <line num="83" count="33000" type="stmt"/>
            <line num="85" count="6" type="stmt"/>
            <line complexity="2" visibility="protected" signature="generateReverseSorted(int) : int[]" num="88" count="3" type="method"/>
            <line num="89" count="3" type="stmt"/>
            <line num="90" count="3" type="stmt"/>
            <line falsecount="3" truecount="3000" num="90" type="cond"/>
            <line num="91" count="3000" type="stmt"/>
            <line num="93" count="3" type="stmt"/>
            <line complexity="2" visibility="protected" signature="generateRandom(int) : int[]" num="96" count="3" type="method"/>
            <line num="97" count="3" type="stmt"/>
            <line num="98" count="3" type="stmt"/>
            <line num="99" count="3" type="stmt"/>
            <line falsecount="3" truecount="30000" num="99" type="cond"/>
            <line num="100" count="30000" type="stmt"/>
            <line num="102" count="3" type="stmt"/>
         </file>
         <file path="C:\Users\Alexsa7161\OneDrive\Рабочий стол\java_labs\lab1\lab1_sort\src\test\java\ImprovedQuickSortTest.java" name="ImprovedQuickSortTest.java">
            <metrics coveredelements="2" coveredconditionals="0" complexity="1" loc="9" coveredmethods="1" methods="1" elements="2" classes="1" ncloc="8" statements="1" conditionals="0" coveredstatements="1"/>
            <class name="ImprovedQuickSortTest">
               <metrics coveredelements="2" complexity="1" methods="1" testruns="7" statements="1" coveredconditionals="0" coveredmethods="1" elements="2" testfailures="0" testduration="0.056999999999999995" conditionals="0" coveredstatements="1" testpasses="7"/>
            </class>
            <line complexity="1" visibility="protected" signature="algorithm() : SortAlgorithm" num="5" count="7" type="method"/>
            <line num="7" count="7" type="stmt"/>
         </file>
         <file path="C:\Users\Alexsa7161\OneDrive\Рабочий стол\java_labs\lab1\lab1_sort\src\test\java\NaiveQuickSortTest.java" name="NaiveQuickSortTest.java">
            <metrics coveredelements="2" coveredconditionals="0" complexity="1" loc="9" coveredmethods="1" methods="1" elements="2" classes="1" ncloc="8" statements="1" conditionals="0" coveredstatements="1"/>
            <class name="NaiveQuickSortTest">
               <metrics coveredelements="2" complexity="1" methods="1" testruns="7" statements="1" coveredconditionals="0" coveredmethods="1" elements="2" testfailures="0" testduration="0.071" conditionals="0" coveredstatements="1" testpasses="7"/>
            </class>
            <line complexity="1" visibility="protected" signature="algorithm() : SortAlgorithm" num="5" count="7" type="method"/>
            <line num="7" count="7" type="stmt"/>
         </file>
         <file path="C:\Users\Alexsa7161\OneDrive\Рабочий стол\java_labs\lab1\lab1_sort\src\test\java\OptimizedQuickSortTest.java" name="OptimizedQuickSortTest.java">
            <metrics coveredelements="2" coveredconditionals="0" complexity="1" loc="9" coveredmethods="1" methods="1" elements="2" classes="1" ncloc="8" statements="1" conditionals="0" coveredstatements="1"/>
            <class name="OptimizedQuickSortTest">
               <metrics coveredelements="2" complexity="1" methods="1" testruns="7" statements="1" coveredconditionals="0" coveredmethods="1" elements="2" testfailures="0" testduration="0.035" conditionals="0" coveredstatements="1" testpasses="7"/>
            </class>
            <line complexity="1" visibility="protected" signature="algorithm() : SortAlgorithm" num="5" count="7" type="method"/>
            <line num="7" count="7" type="stmt"/>
         </file>
      </package>
   </testproject>
</coverage>