<?xml version="1.0" encoding="UTF-8"?>
<coverage generated="1768929830943" clover="4.5.2">
   <project name="lab1_sort 1.0-SNAPSHOT" timestamp="1768929826121">
      <metrics coveredelements="135" complexity="49" loc="290" methods="21" classes="6" statements="118" packages="2" coveredconditionals="46" coveredmethods="10" elements="195" ncloc="234" files="6" conditionals="56" coveredstatements="79"/>
      <package name="org.example">
         <metrics coveredelements="0" complexity="13" loc="122" methods="8" classes="2" statements="36" coveredconditionals="0" coveredmethods="0" elements="54" ncloc="97" files="2" conditionals="10" coveredstatements="0"/>
         <file path="C:\Users\Alexsa7161\OneDrive\Рабочий стол\java_labs\lab1\lab1_sort\src\main\java\org\example\Main.java" name="Main.java">
            <metrics coveredelements="0" coveredconditionals="0" complexity="8" loc="65" coveredmethods="0" methods="3" elements="40" classes="1" ncloc="50" statements="27" conditionals="10" coveredstatements="0"/>
            <class name="Main">
               <metrics coveredelements="0" coveredconditionals="0" complexity="8" coveredmethods="0" methods="3" elements="40" statements="27" conditionals="10" coveredstatements="0"/>
            </class>
            <line complexity="3" visibility="public" signature="main(String[]) : void" num="13" count="0" type="method"/>
            <line num="14" count="0" type="stmt"/>
            <line num="20" count="0" type="stmt"/>
            <line num="22" count="0" type="stmt"/>
            <line num="23" count="0" type="stmt"/>
            <line num="24" count="0" type="stmt"/>
            <line num="26" count="0" type="stmt"/>
            <line num="27" count="0" type="stmt"/>
            <line num="29" count="0" type="stmt"/>
            <line falsecount="0" truecount="0" num="29" type="cond"/>
            <line num="30" count="0" type="stmt"/>
            <line num="32" count="0" type="stmt"/>
            <line num="33" count="0" type="stmt"/>
            <line num="34" count="0" type="stmt"/>
            <line num="36" count="0" type="stmt"/>
            <line falsecount="0" truecount="0" num="36" type="cond"/>
            <line num="37" count="0" type="stmt"/>
            <line num="40" count="0" type="stmt"/>
            <line num="43" count="0" type="stmt"/>
            <line num="44" count="0" type="stmt"/>
            <line num="46" count="0" type="stmt"/>
            <line complexity="2" visibility="private" signature="randArray(int) : int[]" num="50" count="0" type="method"/>
            <line num="51" count="0" type="stmt"/>
            <line num="52" count="0" type="stmt"/>
            <line num="53" count="0" type="stmt"/>
            <line falsecount="0" truecount="0" num="53" type="cond"/>
            <line num="54" count="0" type="stmt"/>
            <line num="56" count="0" type="stmt"/>
            <line complexity="3" visibility="private" signature="sorted(int[]) : boolean" num="59" count="0" type="method"/>
            <line num="60" count="0" type="stmt"/>
            <line falsecount="0" truecount="0" num="60" type="cond"/>
            <line num="61" count="0" type="stmt"/>
            <line num="61" count="0" type="stmt"/>
            <line falsecount="0" truecount="0" num="61" type="cond"/>
            <line num="63" count="0" type="stmt"/>
         </file>
         <file path="C:\Users\Alexsa7161\OneDrive\Рабочий стол\java_labs\lab1\lab1_sort\src\main\java\org\example\QuickSortBenchmark.java" name="QuickSortBenchmark.java">
            <metrics coveredelements="0" coveredconditionals="0" complexity="5" loc="57" coveredmethods="0" methods="5" elements="14" classes="1" ncloc="47" statements="9" conditionals="0" coveredstatements="0"/>
            <class name="QuickSortBenchmark">
               <metrics coveredelements="0" coveredconditionals="0" complexity="5" coveredmethods="0" methods="5" elements="14" statements="9" conditionals="0" coveredstatements="0"/>
            </class>
            <line complexity="1" visibility="public" signature="setup() : void" num="28" count="0" type="method"/>
            <line num="30" count="0" type="stmt"/>
            <line num="31" count="0" type="stmt"/>
            <line complexity="1" visibility="public" signature="naive() : void" num="34" count="0" type="method"/>
            <line num="35" count="0" type="stmt"/>
            <line num="36" count="0" type="stmt"/>
            <line complexity="1" visibility="public" signature="imp() : void" num="39" count="0" type="method"/>
            <line num="40" count="0" type="stmt"/>
            <line num="41" count="0" type="stmt"/>
            <line complexity="1" visibility="public" signature="opt() : void" num="44" count="0" type="method"/>
            <line num="45" count="0" type="stmt"/>
            <line num="46" count="0" type="stmt"/>
            <line complexity="1" visibility="public" signature="main(String[]) : void" num="49" count="0" type="method"/>
            <line num="50" count="0" type="stmt"/>
         </file>
      </package>
      <package name="org.example.sort">
         <metrics coveredelements="135" complexity="36" loc="168" methods="13" classes="4" statements="82" coveredconditionals="46" coveredmethods="10" elements="141" ncloc="137" files="4" conditionals="46" coveredstatements="79"/>
         <file path="C:\Users\Alexsa7161\OneDrive\Рабочий стол\java_labs\lab1\lab1_sort\src\main\java\org\example\sort\ImprovedQuickSort.java" name="ImprovedQuickSort.java">
            <metrics coveredelements="52" coveredconditionals="18" complexity="14" loc="61" coveredmethods="4" methods="5" elements="54" classes="1" ncloc="50" statements="31" conditionals="18" coveredstatements="30"/>
            <class name="ImprovedQuickSort">
               <metrics coveredelements="52" coveredconditionals="18" complexity="14" coveredmethods="4" methods="5" elements="54" statements="31" conditionals="18" coveredstatements="30"/>
            </class>
            <line complexity="1" visibility="public" signature="sort(int[]) : void" num="5" count="7" type="method"/>
            <line num="7" count="7" type="stmt"/>
            <line complexity="7" visibility="private" signature="qsort(int[],int,int) : void" num="10" count="21988" type="method"/>
            <line num="11" count="21988" type="stmt"/>
            <line falsecount="21988" truecount="21981" num="11" type="cond"/>
            <line num="12" count="21981" type="stmt"/>
            <line num="13" count="21981" type="stmt"/>
            <line num="14" count="21981" type="stmt"/>
            <line num="16" count="21981" type="stmt"/>
            <line falsecount="21981" truecount="96176" num="16" type="cond"/>
            <line num="17" count="96176" type="stmt"/>
            <line falsecount="96176" truecount="113001" num="17" type="cond"/>
            <line num="18" count="113001" type="stmt"/>
            <line num="20" count="96176" type="stmt"/>
            <line falsecount="96176" truecount="121531" num="20" type="cond"/>
            <line num="21" count="121531" type="stmt"/>
            <line num="24" count="96176" type="stmt"/>
            <line falsecount="1650" truecount="94526" num="24" type="cond"/>
            <line num="25" count="94526" type="stmt"/>
            <line num="26" count="94526" type="stmt"/>
            <line num="27" count="94526" type="stmt"/>
            <line num="31" count="21981" type="stmt"/>
            <line falsecount="13128" truecount="8853" num="31" type="cond"/>
            <line num="32" count="8853" type="stmt"/>
            <line num="33" count="8853" type="stmt"/>
            <line num="35" count="13128" type="stmt"/>
            <line num="36" count="13128" type="stmt"/>
            <line complexity="4" visibility="private" signature="median(int[],int,int) : int" num="41" count="21981" type="method"/>
            <line num="42" count="21981" type="stmt"/>
            <line num="44" count="21981" type="stmt"/>
            <line num="44" count="2523" type="stmt"/>
            <line falsecount="19458" truecount="2523" num="44" type="cond"/>
            <line num="45" count="21981" type="stmt"/>
            <line num="45" count="2117" type="stmt"/>
            <line falsecount="19864" truecount="2117" num="45" type="cond"/>
            <line num="46" count="21981" type="stmt"/>
            <line num="46" count="3267" type="stmt"/>
            <line falsecount="18714" truecount="3267" num="46" type="cond"/>
            <line num="48" count="21981" type="stmt"/>
            <line complexity="1" visibility="private" signature="swap(int[],int,int) : void" num="51" count="102433" type="method"/>
            <line num="52" count="102433" type="stmt"/>
            <line num="53" count="102433" type="stmt"/>
            <line num="54" count="102433" type="stmt"/>
            <line complexity="1" visibility="public" signature="name() : String" num="57" count="0" type="method"/>
            <line num="59" count="0" type="stmt"/>
         </file>
         <file path="C:\Users\Alexsa7161\OneDrive\Рабочий стол\java_labs\lab1\lab1_sort\src\main\java\org\example\sort\NaiveQuickSort.java" name="NaiveQuickSort.java">
            <metrics coveredelements="31" coveredconditionals="10" complexity="8" loc="44" coveredmethods="2" methods="3" elements="33" classes="1" ncloc="36" statements="20" conditionals="10" coveredstatements="19"/>
            <class name="NaiveQuickSort">
               <metrics coveredelements="31" coveredconditionals="10" complexity="8" coveredmethods="2" methods="3" elements="33" statements="20" conditionals="10" coveredstatements="19"/>
            </class>
            <line complexity="1" visibility="public" signature="sort(int[]) : void" num="5" count="7" type="method"/>
            <line num="7" count="7" type="stmt"/>
            <line complexity="6" visibility="private" signature="qsort(int[],int,int) : void" num="10" count="58895" type="method"/>
            <line num="11" count="58895" type="stmt"/>
            <line falsecount="29444" truecount="29451" num="11" type="cond"/>
            <line num="12" count="29451" type="stmt"/>
            <line num="15" count="29444" type="stmt"/>
            <line num="16" count="29444" type="stmt"/>
            <line num="17" count="29444" type="stmt"/>
            <line num="19" count="29444" type="stmt"/>
            <line falsecount="29444" truecount="106342" num="19" type="cond"/>
            <line num="20" count="106342" type="stmt"/>
            <line falsecount="106342" truecount="361372" num="20" type="cond"/>
            <line num="21" count="361372" type="stmt"/>
            <line num="23" count="106342" type="stmt"/>
            <line falsecount="106342" truecount="2294338" num="23" type="cond"/>
            <line num="24" count="2294338" type="stmt"/>
            <line num="27" count="106342" type="stmt"/>
            <line falsecount="5137" truecount="101205" num="27" type="cond"/>
            <line num="28" count="101205" type="stmt"/>
            <line num="29" count="101205" type="stmt"/>
            <line num="30" count="101205" type="stmt"/>
            <line num="31" count="101205" type="stmt"/>
            <line num="32" count="101205" type="stmt"/>
            <line num="36" count="29444" type="stmt"/>
            <line num="37" count="29444" type="stmt"/>
            <line complexity="1" visibility="public" signature="name() : String" num="40" count="0" type="method"/>
            <line num="42" count="0" type="stmt"/>
         </file>
         <file path="C:\Users\Alexsa7161\OneDrive\Рабочий стол\java_labs\lab1\lab1_sort\src\main\java\org\example\sort\OptimizedQuickSort.java" name="OptimizedQuickSort.java">
            <metrics coveredelements="52" coveredconditionals="18" complexity="14" loc="57" coveredmethods="4" methods="5" elements="54" classes="1" ncloc="46" statements="31" conditionals="18" coveredstatements="30"/>
            <class name="OptimizedQuickSort">
               <metrics coveredelements="52" coveredconditionals="18" complexity="14" coveredmethods="4" methods="5" elements="54" statements="31" conditionals="18" coveredstatements="30"/>
            </class>
            <line complexity="1" visibility="public" signature="sort(int[]) : void" num="5" count="7" type="method"/>
            <line num="7" count="7" type="stmt"/>
            <line complexity="7" visibility="private" signature="qsort(int[],int,int) : void" num="10" count="21988" type="method"/>
            <line num="11" count="21988" type="stmt"/>
            <line falsecount="21988" truecount="21981" num="11" type="cond"/>
            <line num="12" count="21981" type="stmt"/>
            <line num="13" count="21981" type="stmt"/>
            <line num="14" count="21981" type="stmt"/>
            <line num="16" count="21981" type="stmt"/>
            <line falsecount="21981" truecount="96176" num="16" type="cond"/>
            <line num="17" count="96176" type="stmt"/>
            <line num="17" count="113001" type="stmt"/>
            <line falsecount="96176" truecount="113001" num="17" type="cond"/>
            <line num="18" count="96176" type="stmt"/>
            <line num="18" count="121531" type="stmt"/>
            <line falsecount="96176" truecount="121531" num="18" type="cond"/>
            <line num="20" count="96176" type="stmt"/>
            <line falsecount="1650" truecount="94526" num="20" type="cond"/>
            <line num="21" count="94526" type="stmt"/>
            <line num="22" count="94526" type="stmt"/>
            <line num="23" count="94526" type="stmt"/>
            <line num="27" count="21981" type="stmt"/>
            <line falsecount="13128" truecount="8853" num="27" type="cond"/>
            <line num="28" count="8853" type="stmt"/>
            <line num="29" count="8853" type="stmt"/>
            <line num="31" count="13128" type="stmt"/>
            <line num="32" count="13128" type="stmt"/>
            <line complexity="4" visibility="private" signature="medianOfThree(int[],int,int) : int" num="37" count="21981" type="method"/>
            <line num="38" count="21981" type="stmt"/>
            <line num="40" count="21981" type="stmt"/>
            <line num="40" count="2523" type="stmt"/>
            <line falsecount="19458" truecount="2523" num="40" type="cond"/>
            <line num="41" count="21981" type="stmt"/>
            <line num="41" count="2117" type="stmt"/>
            <line falsecount="19864" truecount="2117" num="41" type="cond"/>
            <line num="42" count="21981" type="stmt"/>
            <line num="42" count="3267" type="stmt"/>
            <line falsecount="18714" truecount="3267" num="42" type="cond"/>
            <line num="44" count="21981" type="stmt"/>
            <line complexity="1" visibility="private" signature="swap(int[],int,int) : void" num="47" count="102433" type="method"/>
            <line num="48" count="102433" type="stmt"/>
            <line num="49" count="102433" type="stmt"/>
            <line num="50" count="102433" type="stmt"/>
            <line complexity="1" visibility="public" signature="name() : String" num="53" count="0" type="method"/>
            <line num="55" count="0" type="stmt"/>
         </file>
         <file path="C:\Users\Alexsa7161\OneDrive\Рабочий стол\java_labs\lab1\lab1_sort\src\main\java\org\example\sort\SortAlgorithm.java" name="SortAlgorithm.java">
            <metrics coveredelements="0" coveredconditionals="0" complexity="0" loc="6" coveredmethods="0" methods="0" elements="0" classes="1" ncloc="5" statements="0" conditionals="0" coveredstatements="0"/>
            <class name="SortAlgorithm">
               <metrics coveredelements="0" coveredconditionals="0" complexity="0" coveredmethods="0" methods="0" elements="0" statements="0" conditionals="0" coveredstatements="0"/>
            </class>
         </file>
      </package>
   </project>
   <testproject name="lab1_sort 1.0-SNAPSHOT" timestamp="1768929826121">
      <metrics coveredelements="76" complexity="21" loc="126" methods="14" classes="4" statements="50" packages="1" coveredconditionals="13" coveredmethods="14" elements="78" ncloc="108" files="4" conditionals="14" coveredstatements="49"/>
      <package name="default-pkg">
         <metrics coveredelements="76" complexity="21" loc="126" methods="14" classes="4" statements="50" coveredconditionals="13" coveredmethods="14" elements="78" ncloc="108" files="4" conditionals="14" coveredstatements="49"/>
         <file path="C:\Users\Alexsa7161\OneDrive\Рабочий стол\java_labs\lab1\lab1_sort\src\test\java\AbstractSortTest.java" name="AbstractSortTest.java">
            <metrics coveredelements="70" coveredconditionals="13" complexity="18" loc="97" coveredmethods="11" methods="11" elements="72" classes="1" ncloc="82" statements="47" conditionals="14" coveredstatements="46"/>
            <class name="AbstractSortTest">
               <metrics coveredelements="70" coveredconditionals="13" complexity="18" coveredmethods="11" methods="11" elements="72" statements="47" conditionals="14" coveredstatements="46"/>
            </class>
            <line complexity="1" visibility="package" signature="empty() : void" num="11" count="3" type="method"/>
            <line num="13" count="3" type="stmt"/>
            <line num="14" count="3" type="stmt"/>
            <line num="15" count="3" type="stmt"/>
            <line complexity="1" visibility="package" signature="oneElement() : void" num="18" count="3" type="method"/>
            <line num="20" count="3" type="stmt"/>
            <line num="21" count="3" type="stmt"/>
            <line num="22" count="3" type="stmt"/>
            <line complexity="1" visibility="package" signature="sorted() : void" num="25" count="3" type="method"/>
            <line num="27" count="3" type="stmt"/>
            <line num="28" count="3" type="stmt"/>
            <line num="29" count="3" type="stmt"/>
            <line complexity="1" visibility="package" signature="reverse() : void" num="32" count="3" type="method"/>
            <line num="34" count="3" type="stmt"/>
            <line num="35" count="3" type="stmt"/>
            <line num="36" count="3" type="stmt"/>
            <line complexity="1" visibility="package" signature="random() : void" num="39" count="3" type="method"/>
            <line num="41" count="3" type="stmt"/>
            <line num="42" count="3" type="stmt"/>
            <line num="43" count="3" type="stmt"/>
            <line complexity="2" visibility="package" signature="duplicates() : void" num="46" count="3" type="method"/>
            <line num="48" count="3" type="stmt"/>
            <line num="49" count="3" type="stmt"/>
            <line num="50" count="3" type="stmt"/>
            <line falsecount="3" truecount="30000" num="50" type="cond"/>
            <line num="51" count="30000" type="stmt"/>
            <line num="53" count="3" type="stmt"/>
            <line num="54" count="3" type="stmt"/>
            <line complexity="2" visibility="package" signature="almostSorted() : void" num="57" count="3" type="method"/>
            <line num="59" count="3" type="stmt"/>
            <line num="60" count="3" type="stmt"/>
            <line num="62" count="3" type="stmt"/>
            <line falsecount="3" truecount="300" num="62" type="cond"/>
            <line num="63" count="300" type="stmt"/>
            <line num="64" count="300" type="stmt"/>
            <line num="65" count="300" type="stmt"/>
            <line num="65" count="300" type="stmt"/>
            <line num="65" count="300" type="stmt"/>
            <line num="67" count="3" type="stmt"/>
            <line num="68" count="3" type="stmt"/>
            <line complexity="3" visibility="private" signature="assertSorted(int[]) : void" num="71" count="21" type="method"/>
            <line num="72" count="21" type="stmt"/>
            <line falsecount="21" truecount="95985" num="72" type="cond"/>
            <line num="73" count="95985" type="stmt"/>
            <line falsecount="95985" truecount="0" num="73" type="cond"/>
            <line num="74" count="0" type="stmt"/>
            <line complexity="2" visibility="private" signature="sortedArray(int) : int[]" num="79" count="6" type="method"/>
            <line num="80" count="6" type="stmt"/>
            <line num="81" count="6" type="stmt"/>
            <line num="81" count="33000" type="stmt"/>
            <line falsecount="6" truecount="33000" num="81" type="cond"/>
            <line num="82" count="6" type="stmt"/>
            <line complexity="2" visibility="private" signature="reverseArray(int) : int[]" num="85" count="3" type="method"/>
            <line num="86" count="3" type="stmt"/>
            <line num="87" count="3" type="stmt"/>
            <line num="87" count="3000" type="stmt"/>
            <line falsecount="3" truecount="3000" num="87" type="cond"/>
            <line num="88" count="3" type="stmt"/>
            <line complexity="2" visibility="private" signature="randArray(int) : int[]" num="91" count="3" type="method"/>
            <line num="92" count="3" type="stmt"/>
            <line num="93" count="3" type="stmt"/>
            <line num="94" count="3" type="stmt"/>
            <line num="94" count="30000" type="stmt"/>
            <line falsecount="3" truecount="30000" num="94" type="cond"/>
            <line num="95" count="3" type="stmt"/>
         </file>
         <file path="C:\Users\Alexsa7161\OneDrive\Рабочий стол\java_labs\lab1\lab1_sort\src\test\java\ImprovedQuickSortTest.java" name="ImprovedQuickSortTest.java">
            <metrics coveredelements="2" coveredconditionals="0" complexity="1" loc="9" coveredmethods="1" methods="1" elements="2" classes="1" ncloc="8" statements="1" conditionals="0" coveredstatements="1"/>
            <class name="ImprovedQuickSortTest">
               <metrics coveredelements="2" complexity="1" methods="1" testruns="7" statements="1" coveredconditionals="0" coveredmethods="1" elements="2" testfailures="0" testduration="0.043000000000000003" conditionals="0" coveredstatements="1" testpasses="7"/>
            </class>
            <line complexity="1" visibility="protected" signature="getSort() : SortAlgorithm" num="5" count="7" type="method"/>
            <line num="7" count="7" type="stmt"/>
         </file>
         <file path="C:\Users\Alexsa7161\OneDrive\Рабочий стол\java_labs\lab1\lab1_sort\src\test\java\NaiveQuickSortTest.java" name="NaiveQuickSortTest.java">
            <metrics coveredelements="2" coveredconditionals="0" complexity="1" loc="10" coveredmethods="1" methods="1" elements="2" classes="1" ncloc="9" statements="1" conditionals="0" coveredstatements="1"/>
            <class name="NaiveQuickSortTest">
               <metrics coveredelements="2" complexity="1" methods="1" testruns="7" statements="1" coveredconditionals="0" coveredmethods="1" elements="2" testfailures="0" testduration="0.062" conditionals="0" coveredstatements="1" testpasses="7"/>
            </class>
            <line complexity="1" visibility="protected" signature="getSort() : SortAlgorithm" num="6" count="7" type="method"/>
            <line num="8" count="7" type="stmt"/>
         </file>
         <file path="C:\Users\Alexsa7161\OneDrive\Рабочий стол\java_labs\lab1\lab1_sort\src\test\java\OptimizedQuickSortTest.java" name="OptimizedQuickSortTest.java">
            <metrics coveredelements="2" coveredconditionals="0" complexity="1" loc="10" coveredmethods="1" methods="1" elements="2" classes="1" ncloc="9" statements="1" conditionals="0" coveredstatements="1"/>
            <class name="OptimizedQuickSortTest">
               <metrics coveredelements="2" complexity="1" methods="1" testruns="7" statements="1" coveredconditionals="0" coveredmethods="1" elements="2" testfailures="0" testduration="0.03" conditionals="0" coveredstatements="1" testpasses="7"/>
            </class>
            <line complexity="1" visibility="protected" signature="getSort() : SortAlgorithm" num="6" count="7" type="method"/>
            <line num="8" count="7" type="stmt"/>
         </file>
      </package>
   </testproject>
</coverage>